npm verbose cli /Users/robertfoward/.nvm/versions/node/v20.17.0/bin/node /Users/robertfoward/.nvm/versions/node/v20.17.0/bin/npm
npm info using npm@10.8.2
npm info using node@v20.17.0
npm verbose title npm install
npm verbose argv "install" "--loglevel" "verbose"
npm verbose logfile logs-max:10 dir:/Users/robertfoward/.npm/_logs/2024-09-23T22_12_21_717Z-
npm verbose logfile /Users/robertfoward/.npm/_logs/2024-09-23T22_12_21_717Z-debug-0.log
npm http fetch GET 200 https://registry.npmjs.org/axios 161ms (cache revalidated)
npm http fetch GET 200 https://registry.npmjs.org/chai 55ms (cache revalidated)
npm http fetch GET 200 https://registry.npmjs.org/express 44ms (cache revalidated)
npm http fetch GET 200 https://registry.npmjs.org/mocha 47ms (cache revalidated)
npm http fetch GET 200 https://registry.npmjs.org/nightmare 333ms (cache revalidated)
npm http fetch GET 200 https://registry.npmjs.org/node-static 138ms (cache revalidated)
npm http fetch GET 200 https://registry.npmjs.org/form-data 52ms (cache revalidated)
npm http fetch GET 200 https://registry.npmjs.org/get-func-name 37ms (cache revalidated)
npm http fetch GET 200 https://registry.npmjs.org/pathval 102ms (cache revalidated)
npm http fetch GET 200 https://registry.npmjs.org/loupe 105ms (cache revalidated)
npm http fetch GET 200 https://registry.npmjs.org/follow-redirects 107ms (cache revalidated)
npm http fetch GET 200 https://registry.npmjs.org/check-error 109ms (cache revalidated)
npm http fetch GET 200 https://registry.npmjs.org/deep-eql 118ms (cache revalidated)
npm http fetch GET 200 https://registry.npmjs.org/type-detect 120ms (cache revalidated)
npm http fetch GET 200 https://registry.npmjs.org/assertion-error 39ms (cache revalidated)
npm http fetch GET 200 https://registry.npmjs.org/qs 39ms (cache revalidated)
npm http fetch GET 200 https://registry.npmjs.org/depd 41ms (cache revalidated)
npm http fetch GET 200 https://registry.npmjs.org/send 39ms (cache revalidated)
npm http fetch GET 200 https://registry.npmjs.org/etag 49ms (cache revalidated)
npm http fetch GET 200 https://registry.npmjs.org/vary 49ms (cache revalidated)
npm http fetch GET 200 https://registry.npmjs.org/debug 48ms (cache revalidated)
npm http fetch GET 200 https://registry.npmjs.org/fresh 39ms (cache revalidated)
npm http fetch GET 200 https://registry.npmjs.org/cookie 36ms (cache revalidated)
npm http fetch GET 200 https://registry.npmjs.org/accepts 35ms (cache revalidated)
npm http fetch GET 200 https://registry.npmjs.org/methods 33ms (cache revalidated)
npm http fetch GET 200 https://registry.npmjs.org/type-is 43ms (cache revalidated)
npm http fetch GET 200 https://registry.npmjs.org/encodeurl 44ms (cache revalidated)
npm http fetch GET 200 https://registry.npmjs.org/proxy-addr 37ms (cache revalidated)
npm http fetch GET 200 https://registry.npmjs.org/parseurl 52ms (cache revalidated)
npm http fetch GET 200 https://registry.npmjs.org/body-parser 42ms (cache revalidated)
npm http fetch GET 200 https://registry.npmjs.org/escape-html 45ms (cache revalidated)
npm http fetch GET 200 https://registry.npmjs.org/statuses 63ms (cache revalidated)
npm http fetch GET 200 https://registry.npmjs.org/http-errors 42ms (cache revalidated)
npm http fetch GET 200 https://registry.npmjs.org/on-finished 48ms (cache revalidated)
npm http fetch GET 200 https://registry.npmjs.org/content-type 38ms (cache revalidated)
npm http fetch GET 200 https://registry.npmjs.org/range-parser 35ms (cache revalidated)
npm http fetch GET 200 https://registry.npmjs.org/safe-buffer 51ms (cache revalidated)
npm http fetch GET 200 https://registry.npmjs.org/utils-merge 50ms (cache revalidated)
npm http fetch GET 200 https://registry.npmjs.org/finalhandler 45ms (cache revalidated)
npm http fetch GET 200 https://registry.npmjs.org/serve-static 41ms (cache revalidated)
npm http fetch GET 200 https://registry.npmjs.org/path-to-regexp 40ms (cache revalidated)
npm http fetch GET 200 https://registry.npmjs.org/setprototypeof 46ms (cache revalidated)
npm http fetch GET 200 https://registry.npmjs.org/array-flatten 50ms (cache revalidated)
npm http fetch GET 200 https://registry.npmjs.org/cookie-signature 49ms (cache revalidated)
npm http fetch GET 200 https://registry.npmjs.org/merge-descriptors 49ms (cache revalidated)
npm http fetch GET 200 https://registry.npmjs.org/content-disposition 44ms (cache revalidated)
npm http fetch GET 200 https://registry.npmjs.org/ansi-colors 39ms (cache revalidated)
npm http fetch GET 200 https://registry.npmjs.org/browser-stdout 37ms (cache revalidated)
npm http fetch GET 200 https://registry.npmjs.org/chokidar 42ms (cache revalidated)
npm http fetch GET 200 https://registry.npmjs.org/find-up 41ms (cache revalidated)
npm http fetch GET 200 https://registry.npmjs.org/he 40ms (cache revalidated)
npm http fetch GET 200 https://registry.npmjs.org/glob 45ms (cache revalidated)
npm http fetch GET 200 https://registry.npmjs.org/diff 56ms (cache revalidated)
npm http fetch GET 200 https://registry.npmjs.org/escape-string-regexp 54ms (cache revalidated)
npm http fetch GET 200 https://registry.npmjs.org/minimatch 40ms (cache revalidated)
npm http fetch GET 200 https://registry.npmjs.org/log-symbols 46ms (cache revalidated)
npm http fetch GET 200 https://registry.npmjs.org/serialize-javascript 45ms (cache revalidated)
npm http fetch GET 200 https://registry.npmjs.org/js-yaml 72ms (cache revalidated)
npm http fetch GET 200 https://registry.npmjs.org/ms 51ms (cache revalidated)
npm http fetch GET 200 https://registry.npmjs.org/supports-color 50ms (cache revalidated)
npm http fetch GET 200 https://registry.npmjs.org/workerpool 39ms (cache revalidated)
npm http fetch GET 200 https://registry.npmjs.org/strip-json-comments 72ms (cache revalidated)
npm http fetch GET 200 https://registry.npmjs.org/yargs-unparser 41ms (cache revalidated)
npm http fetch GET 200 https://registry.npmjs.org/yargs-parser 45ms (cache revalidated)
npm http fetch GET 200 https://registry.npmjs.org/yargs 61ms (cache revalidated)
npm http fetch GET 200 https://registry.npmjs.org/defaults 49ms (cache revalidated)
npm http fetch GET 200 https://registry.npmjs.org/electron 43ms (cache revalidated)
npm http fetch GET 200 https://registry.npmjs.org/jsesc 44ms (cache revalidated)
npm http fetch GET 200 https://registry.npmjs.org/mkdirp 40ms (cache revalidated)
npm http fetch GET 200 https://registry.npmjs.org/once 41ms (cache revalidated)
npm http fetch GET 200 https://registry.npmjs.org/rimraf 39ms (cache revalidated)
npm http fetch GET 200 https://registry.npmjs.org/sliced 40ms (cache revalidated)
npm http fetch GET 200 https://registry.npmjs.org/split2 35ms (cache revalidated)
npm http fetch GET 200 https://registry.npmjs.org/optimist 38ms (cache revalidated)
npm http fetch GET 200 https://registry.npmjs.org/colors 50ms (cache revalidated)
npm http fetch GET 200 https://registry.npmjs.org/mime 70ms (cache revalidated)
npm http fetch GET 200 https://registry.npmjs.org/enqueue 300ms (cache revalidated)
npm http fetch GET 200 https://registry.npmjs.org/minstache 320ms (cache revalidated)
npm http fetch GET 200 https://registry.npmjs.org/deep-defaults 373ms (cache revalidated)
npm http fetch GET 200 https://registry.npmjs.org/function-source 368ms (cache revalidated)
npm http fetch GET 200 https://registry.npmjs.org/mime-types 35ms (cache revalidated)
npm http fetch GET 200 https://registry.npmjs.org/asynckit 44ms (cache revalidated)
npm http fetch GET 200 https://registry.npmjs.org/combined-stream 48ms (cache revalidated)
npm http fetch GET 200 https://registry.npmjs.org/bytes 42ms (cache revalidated)
npm http fetch GET 200 https://registry.npmjs.org/negotiator 43ms (cache revalidated)
npm http fetch GET 200 https://registry.npmjs.org/unpipe 45ms (cache revalidated)
npm http fetch GET 200 https://registry.npmjs.org/iconv-lite 43ms (cache revalidated)
npm http fetch GET 200 https://registry.npmjs.org/destroy 49ms (cache revalidated)
npm http fetch GET 200 https://registry.npmjs.org/raw-body 52ms (cache revalidated)
npm http fetch GET 200 https://registry.npmjs.org/inherits 38ms (cache revalidated)
npm http fetch GET 200 https://registry.npmjs.org/toidentifier 41ms (cache revalidated)
npm http fetch GET 200 https://registry.npmjs.org/ee-first 41ms (cache revalidated)
npm http fetch GET 200 https://registry.npmjs.org/forwarded 41ms (cache revalidated)
npm http fetch GET 200 https://registry.npmjs.org/ipaddr.js 38ms (cache revalidated)
npm http fetch GET 200 https://registry.npmjs.org/side-channel 34ms (cache revalidated)
npm http fetch GET 200 https://registry.npmjs.org/media-typer 45ms (cache revalidated)
npm http fetch GET 200 https://registry.npmjs.org/unpipe 126ms (cache revalidated)
npm http fetch GET 200 https://registry.npmjs.org/mime-db 43ms (cache revalidated)
npm http fetch GET 200 https://registry.npmjs.org/safer-buffer 46ms (cache revalidated)
npm http fetch GET 200 https://registry.npmjs.org/delayed-stream 39ms (cache revalidated)
npm http fetch GET 200 https://registry.npmjs.org/braces 39ms (cache revalidated)
npm http fetch GET 200 https://registry.npmjs.org/readdirp 42ms (cache revalidated)
npm http fetch GET 200 https://registry.npmjs.org/is-binary-path 46ms (cache revalidated)
npm http fetch GET 200 https://registry.npmjs.org/is-glob 50ms (cache revalidated)
npm http fetch GET 200 https://registry.npmjs.org/glob-parent 52ms (cache revalidated)
npm http fetch GET 200 https://registry.npmjs.org/anymatch 55ms (cache revalidated)
npm http fetch GET 200 https://registry.npmjs.org/normalize-path 55ms (cache revalidated)
npm http fetch GET 200 https://registry.npmjs.org/fsevents 31ms (cache revalidated)
npm http fetch GET 200 https://registry.npmjs.org/locate-path 35ms (cache revalidated)
npm http fetch GET 200 https://registry.npmjs.org/fs.realpath 34ms (cache revalidated)
npm http fetch GET 200 https://registry.npmjs.org/argparse 34ms (cache revalidated)
npm http fetch GET 200 https://registry.npmjs.org/inflight 41ms (cache revalidated)
npm http fetch GET 200 https://registry.npmjs.org/chalk 38ms (cache revalidated)
npm http fetch GET 200 https://registry.npmjs.org/path-exists 56ms (cache revalidated)
npm http fetch GET 200 https://registry.npmjs.org/brace-expansion 35ms (cache revalidated)
npm http fetch GET 200 https://registry.npmjs.org/is-unicode-supported 42ms (cache revalidated)
npm http fetch GET 200 https://registry.npmjs.org/randombytes 37ms (cache revalidated)
npm http fetch GET 200 https://registry.npmjs.org/has-flag 41ms (cache revalidated)
npm http fetch GET 200 https://registry.npmjs.org/y18n 42ms (cache revalidated)
npm http fetch GET 200 https://registry.npmjs.org/cliui 42ms (cache revalidated)
npm http fetch GET 200 https://registry.npmjs.org/escalade 40ms (cache revalidated)
npm http fetch GET 200 https://registry.npmjs.org/get-caller-file 31ms (cache revalidated)
npm http fetch GET 200 https://registry.npmjs.org/string-width 33ms (cache revalidated)
npm http fetch GET 200 https://registry.npmjs.org/require-directory 36ms (cache revalidated)
npm http fetch GET 200 https://registry.npmjs.org/flat 33ms (cache revalidated)
npm http fetch GET 200 https://registry.npmjs.org/camelcase 40ms (cache revalidated)
npm http fetch GET 200 https://registry.npmjs.org/decamelize 39ms (cache revalidated)
npm http fetch GET 200 https://registry.npmjs.org/is-plain-obj 52ms (cache revalidated)
npm http fetch GET 200 https://registry.npmjs.org/fill-range 34ms (cache revalidated)
npm http fetch GET 200 https://registry.npmjs.org/binary-extensions 39ms (cache revalidated)
npm http fetch GET 200 https://registry.npmjs.org/is-extglob 40ms (cache revalidated)
npm http fetch GET 200 https://registry.npmjs.org/picomatch 50ms (cache revalidated)
npm http fetch GET 200 https://registry.npmjs.org/picomatch 78ms (cache revalidated)
npm http fetch GET 200 https://registry.npmjs.org/to-regex-range 33ms (cache revalidated)
npm http fetch GET 200 https://registry.npmjs.org/is-number 62ms (cache revalidated)
npm http fetch GET 200 https://registry.npmjs.org/p-locate 30ms (cache revalidated)
npm http fetch GET 200 https://registry.npmjs.org/wrappy 41ms (cache revalidated)
npm http fetch GET 200 https://registry.npmjs.org/wrappy 41ms (cache revalidated)
npm http fetch GET 200 https://registry.npmjs.org/p-limit 41ms (cache revalidated)
npm http fetch GET 200 https://registry.npmjs.org/ansi-styles 46ms (cache revalidated)
npm http fetch GET 200 https://registry.npmjs.org/color-convert 47ms (cache revalidated)
npm http fetch GET 200 https://registry.npmjs.org/color-name 57ms (cache revalidated)
npm http fetch GET 200 https://registry.npmjs.org/balanced-match 39ms (cache revalidated)
npm http fetch GET 200 https://registry.npmjs.org/electron-download 36ms (cache revalidated)
npm http fetch GET 200 https://registry.npmjs.org/commander 39ms (cache revalidated)
npm http fetch GET 200 https://registry.npmjs.org/lodash 48ms (cache revalidated)
npm http fetch GET 200 https://registry.npmjs.org/extract-zip 50ms (cache revalidated)
npm http fetch GET 200 https://registry.npmjs.org/minimist 54ms (cache revalidated)
npm http fetch GET 200 https://registry.npmjs.org/@types%2fnode 68ms (cache revalidated)
npm http fetch GET 200 https://registry.npmjs.org/clone 123ms (cache revalidated)
npm http fetch GET 200 https://registry.npmjs.org/through2 85ms (cache revalidated)
npm http fetch GET 200 https://registry.npmjs.org/keypress 34ms (cache revalidated)
npm http fetch GET 200 https://registry.npmjs.org/wordwrap 44ms (cache revalidated)
npm http fetch GET 200 https://registry.npmjs.org/yocto-queue 40ms (cache revalidated)
npm http fetch GET 200 https://registry.npmjs.org/es-errors 39ms (cache revalidated)
npm http fetch GET 200 https://registry.npmjs.org/call-bind 40ms (cache revalidated)
npm http fetch GET 200 https://registry.npmjs.org/get-intrinsic 53ms (cache revalidated)
npm http fetch GET 200 https://registry.npmjs.org/object-inspect 55ms (cache revalidated)
npm http fetch GET 200 https://registry.npmjs.org/path-is-absolute 35ms (cache revalidated)
npm http fetch GET 200 https://registry.npmjs.org/hasown 38ms (cache revalidated)
npm http fetch GET 200 https://registry.npmjs.org/set-function-length 40ms (cache revalidated)
npm http fetch GET 200 https://registry.npmjs.org/has-symbols 41ms (cache revalidated)
npm http fetch GET 200 https://registry.npmjs.org/es-define-property 43ms (cache revalidated)
npm http fetch GET 200 https://registry.npmjs.org/has-proto 42ms (cache revalidated)
npm http fetch GET 200 https://registry.npmjs.org/function-bind 54ms (cache revalidated)
npm http fetch GET 200 https://registry.npmjs.org/function-bind 57ms (cache revalidated)
npm http fetch GET 200 https://registry.npmjs.org/has-property-descriptors 29ms (cache revalidated)
npm http fetch GET 200 https://registry.npmjs.org/gopd 36ms (cache revalidated)
npm http fetch GET 200 https://registry.npmjs.org/define-data-property 58ms (cache revalidated)
npm http fetch GET 200 https://registry.npmjs.org/xtend 37ms (cache revalidated)
npm http fetch GET 200 https://registry.npmjs.org/readable-stream 38ms (cache revalidated)
npm http fetch GET 200 https://registry.npmjs.org/core-util-is 38ms (cache revalidated)
npm http fetch GET 200 https://registry.npmjs.org/util-deprecate 38ms (cache revalidated)
npm http fetch GET 200 https://registry.npmjs.org/isarray 39ms (cache revalidated)
npm http fetch GET 200 https://registry.npmjs.org/string_decoder 39ms (cache revalidated)
npm http fetch GET 200 https://registry.npmjs.org/process-nextick-args 41ms (cache revalidated)
npm http fetch GET 200 https://registry.npmjs.org/emoji-regex 37ms (cache revalidated)
npm http fetch GET 200 https://registry.npmjs.org/strip-ansi 43ms (cache revalidated)
npm http fetch GET 200 https://registry.npmjs.org/strip-ansi 46ms (cache revalidated)
npm http fetch GET 200 https://registry.npmjs.org/is-fullwidth-code-point 52ms (cache revalidated)
npm http fetch GET 200 https://registry.npmjs.org/wrap-ansi 81ms (cache revalidated)
npm http fetch GET 200 https://registry.npmjs.org/ansi-regex 40ms (cache revalidated)
npm http fetch GET 200 https://registry.npmjs.org/concat-stream 37ms (cache revalidated)
npm http fetch GET 200 https://registry.npmjs.org/nugget 45ms (cache revalidated)
npm http fetch GET 200 https://registry.npmjs.org/semver 45ms (cache revalidated)
npm http fetch GET 200 https://registry.npmjs.org/home-path 46ms (cache revalidated)
npm http fetch GET 200 https://registry.npmjs.org/fs-extra 52ms (cache revalidated)
npm http fetch GET 200 https://registry.npmjs.org/sumchecker 54ms (cache revalidated)
npm http fetch GET 200 https://registry.npmjs.org/rc 55ms (cache revalidated)
npm http fetch GET 200 https://registry.npmjs.org/yauzl 37ms (cache revalidated)
npm http fetch GET 200 https://registry.npmjs.org/graceful-fs 40ms (cache revalidated)
npm http fetch GET 200 https://registry.npmjs.org/progress-stream 41ms (cache revalidated)
npm http fetch GET 200 https://registry.npmjs.org/klaw 44ms (cache revalidated)
npm http fetch GET 200 https://registry.npmjs.org/request 46ms (cache revalidated)
npm http fetch GET 200 https://registry.npmjs.org/single-line-log 50ms (cache revalidated)
npm http fetch GET 200 https://registry.npmjs.org/pretty-bytes 55ms (cache revalidated)
npm http fetch GET 200 https://registry.npmjs.org/jsonfile 58ms (cache revalidated)
npm http fetch GET 200 https://registry.npmjs.org/throttleit 33ms (cache revalidated)
npm http fetch GET 200 https://registry.npmjs.org/pinkie-promise 39ms (cache revalidated)
npm http fetch GET 200 https://registry.npmjs.org/es6-promise 41ms (cache revalidated)
npm http fetch GET 200 https://registry.npmjs.org/deep-extend 48ms (cache revalidated)
npm http fetch GET 200 https://registry.npmjs.org/ini 53ms (cache revalidated)
npm http fetch GET 200 https://registry.npmjs.org/buffer-from 32ms (cache revalidated)
npm http fetch GET 200 https://registry.npmjs.org/typedarray 35ms (cache revalidated)
npm http fetch GET 200 https://registry.npmjs.org/fd-slicer 36ms (cache revalidated)
npm http fetch GET 200 https://registry.npmjs.org/buffer-crc32 39ms (cache revalidated)
npm http fetch GET 200 https://registry.npmjs.org/extend 35ms (cache revalidated)
npm http fetch GET 200 https://registry.npmjs.org/isstream 36ms (cache revalidated)
npm http fetch GET 200 https://registry.npmjs.org/aws4 46ms (cache revalidated)
npm http fetch GET 200 https://registry.npmjs.org/speedometer 50ms (cache revalidated)
npm http fetch GET 200 https://registry.npmjs.org/uuid 53ms (cache revalidated)
npm http fetch GET 200 https://registry.npmjs.org/caseless 63ms (cache revalidated)
npm http fetch GET 200 https://registry.npmjs.org/oauth-sign 28ms (cache revalidated)
npm http fetch GET 200 https://registry.npmjs.org/aws-sign2 68ms (cache revalidated)
npm http fetch GET 200 https://registry.npmjs.org/tough-cookie 47ms (cache revalidated)
npm http fetch GET 200 https://registry.npmjs.org/tunnel-agent 41ms (cache revalidated)
npm http fetch GET 200 https://registry.npmjs.org/forever-agent 43ms (cache revalidated)
npm http fetch GET 200 https://registry.npmjs.org/har-validator 41ms (cache revalidated)
npm http fetch GET 200 https://registry.npmjs.org/is-typedarray 34ms (cache revalidated)
npm http fetch GET 200 https://registry.npmjs.org/performance-now 37ms (cache revalidated)
npm http fetch GET 200 https://registry.npmjs.org/http-signature 45ms (cache revalidated)
npm http fetch GET 200 https://registry.npmjs.org/json-stringify-safe 38ms (cache revalidated)
npm http fetch GET 200 https://registry.npmjs.org/ajv 37ms (cache revalidated)
npm http fetch GET 200 https://registry.npmjs.org/punycode 44ms (cache revalidated)
npm http fetch GET 200 https://registry.npmjs.org/sshpk 48ms (cache revalidated)
npm http fetch GET 200 https://registry.npmjs.org/psl 48ms (cache revalidated)
npm http fetch GET 200 https://registry.npmjs.org/assert-plus 50ms (cache revalidated)
npm http fetch GET 200 https://registry.npmjs.org/har-schema 53ms (cache revalidated)
npm http fetch GET 200 https://registry.npmjs.org/jsprim 53ms (cache revalidated)
npm http fetch GET 200 https://registry.npmjs.org/fast-json-stable-stringify 30ms (cache revalidated)
npm http fetch GET 200 https://registry.npmjs.org/json-schema-traverse 37ms (cache revalidated)
npm http fetch GET 200 https://registry.npmjs.org/uri-js 46ms (cache revalidated)
npm http fetch GET 200 https://registry.npmjs.org/fast-deep-equal 52ms (cache revalidated)
npm http fetch GET 200 https://registry.npmjs.org/getpass 41ms (cache revalidated)
npm http fetch GET 200 https://registry.npmjs.org/asn1 43ms (cache revalidated)
npm http fetch GET 200 https://registry.npmjs.org/verror 44ms (cache revalidated)
npm http fetch GET 200 https://registry.npmjs.org/json-schema 47ms (cache revalidated)
npm http fetch GET 200 https://registry.npmjs.org/extsprintf 48ms (cache revalidated)
npm http fetch GET 200 https://registry.npmjs.org/jsbn 46ms (cache revalidated)
npm http fetch GET 200 https://registry.npmjs.org/dashdash 70ms (cache revalidated)
npm http fetch GET 200 https://registry.npmjs.org/bcrypt-pbkdf 30ms (cache revalidated)
npm http fetch GET 200 https://registry.npmjs.org/ecc-jsbn 37ms (cache revalidated)
npm http fetch GET 200 https://registry.npmjs.org/tweetnacl 50ms (cache revalidated)
npm http fetch GET 200 https://registry.npmjs.org/code-point-at 38ms (cache revalidated)
npm http fetch GET 200 https://registry.npmjs.org/pend 50ms (cache revalidated)
npm http fetch GET 200 https://registry.npmjs.org/pinkie 40ms (cache revalidated)
npm http fetch GET 200 https://registry.npmjs.org/object-keys 58ms (cache revalidated)
npm http fetch GET 200 https://registry.npmjs.org/concat-map 33ms (cache revalidated)
npm http fetch GET 200 https://registry.npmjs.org/number-is-nan 42ms (cache revalidated)
npm http fetch POST 200 https://registry.npmjs.org/-/npm/v1/security/advisories/bulk 153ms
npm warn deprecated inflight@1.0.6: This module is not supported, and leaks memory. Do not use it. Check out lru-cache if you want a good and tested way to coalesce async requests by a key value, which is much more comprehensive and powerful.
npm warn deprecated home-path@1.0.7: Package no longer supported. Contact Support at https://www.npmjs.com/support for more info.
npm warn deprecated electron-download@3.3.0: Please use @electron/get moving forward.
npm warn deprecated rimraf@2.7.1: Rimraf versions prior to v4 are no longer supported
npm warn deprecated har-validator@5.1.5: this library is no longer supported
npm warn deprecated deep-defaults@1.0.5: not actively maintained; find alternatives
npm warn deprecated glob@8.1.0: Glob versions prior to v9 are no longer supported
npm warn deprecated glob@7.2.3: Glob versions prior to v9 are no longer supported
npm warn deprecated uuid@3.4.0: Please upgrade  to version 7 or higher.  Older versions may use Math.random() in certain circumstances, which is known to be problematic.  See https://v8.dev/blog/math-random for details.
npm warn deprecated request@2.88.2: request has been deprecated, see https://github.com/request/request/issues/3142
npm http fetch GET 200 https://registry.npmjs.org/tough-cookie 122ms (cache revalidated)
npm http fetch GET 200 https://registry.npmjs.org/electron 136ms (cache revalidated)
npm http fetch GET 200 https://registry.npmjs.org/minimist 188ms (cache revalidated)
npm http fetch GET 200 https://registry.npmjs.org/node-static 194ms (cache revalidated)
npm http fetch GET 200 https://registry.npmjs.org/axios 196ms (cache revalidated)
npm http fetch GET 200 https://registry.npmjs.org/request 190ms (cache revalidated)
npm info run fsevents@2.3.3 install node_modules/fsevents node-gyp rebuild
npm http fetch GET 200 https://registry.npmjs.org/deep-defaults 377ms (cache revalidated)
npm info run fsevents@2.3.3 install { code: 1, signal: null }
npm verbose reify failed optional dependency /Users/robertfoward/Desktop/Projects/web102-astroweight-calculator/node_modules/fsevents
npm info run electron@1.8.8 postinstall node_modules/nightmare/node_modules/electron node install.js
npm http fetch GET 200 https://registry.npmjs.org/nightmare 309ms (cache revalidated)
npm http fetch GET 200 https://registry.npmjs.org/optimist 46ms (cache revalidated)
npm info run electron@1.8.8 postinstall { code: 1, signal: null }
npm http fetch GET 200 https://registry.npmjs.org/nugget 191ms (cache revalidated)
npm verbose stack Error: command failed
npm verbose stack     at promiseSpawn (/Users/robertfoward/.nvm/versions/node/v20.17.0/lib/node_modules/npm/node_modules/@npmcli/promise-spawn/lib/index.js:22:22)
npm verbose stack     at spawnWithShell (/Users/robertfoward/.nvm/versions/node/v20.17.0/lib/node_modules/npm/node_modules/@npmcli/promise-spawn/lib/index.js:124:10)
npm verbose stack     at promiseSpawn (/Users/robertfoward/.nvm/versions/node/v20.17.0/lib/node_modules/npm/node_modules/@npmcli/promise-spawn/lib/index.js:12:12)
npm verbose stack     at runScriptPkg (/Users/robertfoward/.nvm/versions/node/v20.17.0/lib/node_modules/npm/node_modules/@npmcli/run-script/lib/run-script-pkg.js:77:13)
npm verbose stack     at runScript (/Users/robertfoward/.nvm/versions/node/v20.17.0/lib/node_modules/npm/node_modules/@npmcli/run-script/lib/run-script.js:9:12)
npm verbose stack     at /Users/robertfoward/.nvm/versions/node/v20.17.0/lib/node_modules/npm/node_modules/@npmcli/arborist/lib/arborist/rebuild.js:329:17
npm verbose stack     at run (/Users/robertfoward/.nvm/versions/node/v20.17.0/lib/node_modules/npm/node_modules/promise-call-limit/dist/commonjs/index.js:67:22)
npm verbose stack     at /Users/robertfoward/.nvm/versions/node/v20.17.0/lib/node_modules/npm/node_modules/promise-call-limit/dist/commonjs/index.js:84:9
npm verbose stack     at new Promise (<anonymous>)
npm verbose stack     at callLimit (/Users/robertfoward/.nvm/versions/node/v20.17.0/lib/node_modules/npm/node_modules/promise-call-limit/dist/commonjs/index.js:35:69)
npm verbose pkgid electron@1.8.8
npm error code 1
npm error path /Users/robertfoward/Desktop/Projects/web102-astroweight-calculator/node_modules/nightmare/node_modules/electron
npm error command failed
npm error command sh -c node install.js
npm error Downloading electron-v1.8.8-darwin-arm64.zip
npm error [>                                            ] 0.0% (0 B/s)
npm error ^[[1000D^[[0K^[[1A^[[1000D^[[0K^[[1A^[[1000D^[[0KDownloading electron-v1.8.8-darwin-arm64.zip
npm error Error: GET https://github.com/electron/electron/releases/download/v1.8.8/electron-v1.8.8-darwin-arm64.zip returned 404
npm error /Users/robertfoward/Desktop/Projects/web102-astroweight-calculator/node_modules/nightmare/node_modules/electron/install.js:47
npm error   throw err
npm error   ^
npm error
npm error Error: Failed to find Electron v1.8.8 for darwin-arm64 at https://github.com/electron/electron/releases/download/v1.8.8/electron-v1.8.8-darwin-arm64.zip
npm error     at Request.<anonymous> (/Users/robertfoward/Desktop/Projects/web102-astroweight-calculator/node_modules/nugget/index.js:197:61)
npm error     at Request.emit (node:events:519:28)
npm error     at Request.onRequestResponse (/Users/robertfoward/Desktop/Projects/web102-astroweight-calculator/node_modules/request/request.js:1059:10)
npm error     at ClientRequest.emit (node:events:519:28)
npm error     at HTTPParser.parserOnIncomingClient [as onIncoming] (node:_http_client:709:27)
npm error     at HTTPParser.parserOnHeadersComplete (node:_http_common:119:17)
npm error     at TLSSocket.socketOnData (node:_http_client:551:22)
npm error     at TLSSocket.emit (node:events:519:28)
npm error     at addChunk (node:internal/streams/readable:559:12)
npm error     at readableAddChunkPushByteMode (node:internal/streams/readable:510:3)
npm error
npm error Node.js v20.17.0
npm verbose cwd /Users/robertfoward/Desktop/Projects/web102-astroweight-calculator
npm verbose os Darwin 23.6.0
npm verbose node v20.17.0
npm verbose npm  v10.8.2
npm verbose exit 1
npm verbose code 1
npm error A complete log of this run can be found in: /Users/robertfoward/.npm/_logs/2024-09-23T22_12_21_717Z-debug-0.log
